f:\dropbox\source\loggingwrapper\source\loggingwrapper\debug\loggingwrapper.pch
f:\dropbox\source\loggingwrapper\source\loggingwrapper\debug\vc120.pdb
f:\dropbox\source\loggingwrapper\source\loggingwrapper\debug\stdafx.xdc
f:\dropbox\source\loggingwrapper\source\loggingwrapper\debug\stdafx.obj
f:\dropbox\source\loggingwrapper\source\loggingwrapper\debug\assemblyinfo.xdc
f:\dropbox\source\loggingwrapper\source\loggingwrapper\debug\loggingwrapper.xdc
f:\dropbox\source\loggingwrapper\source\loggingwrapper\debug\nativeloggerwrapper.xdc
f:\dropbox\source\loggingwrapper\source\loggingwrapper\debug\nativeloggerwrapper.obj
f:\dropbox\source\loggingwrapper\source\loggingwrapper\debug\loggingwrapper.obj
f:\dropbox\source\loggingwrapper\source\loggingwrapper\debug\assemblyinfo.obj
f:\dropbox\source\loggingwrapper\source\loggingwrapper\debug\.netframework,version=v4.5.assemblyattributes.xdc
f:\dropbox\source\loggingwrapper\source\loggingwrapper\debug\.netframework,version=v4.5.assemblyattributes.obj
f:\dropbox\source\loggingwrapper\source\debug\loggingwrapper.dll
f:\dropbox\source\loggingwrapper\source\debug\loggingwrapper.pdb
f:\dropbox\source\loggingwrapper\source\debug\log4net.dll
f:\dropbox\source\loggingwrapper\source\debug\log4net.xml
f:\dropbox\source\loggingwrapper\source\debug\loggingwrapper.lib
f:\dropbox\source\loggingwrapper\source\debug\loggingwrapper.exp
f:\dropbox\source\loggingwrapper\source\loggingwrapper\debug\loggingwrapper.tlog\metagen.write.1.tlog
f:\dropbox\source\loggingwrapper\source\loggingwrapper\debug\app.res
f:\dropbox\source\loggingwrapper\source\debug\loggingwrapper.xml
f:\dropbox\source\loggingwrapper\source\loggingwrapper\debug\loggingwrapper.vcxprojresolveassemblyreference.cache
f:\dropbox\source\loggingwrapper\source\loggingwrapper\debug\loggingwrapper.tlog\cl.command.1.tlog
f:\dropbox\source\loggingwrapper\source\loggingwrapper\debug\loggingwrapper.tlog\cl.read.1.tlog
f:\dropbox\source\loggingwrapper\source\loggingwrapper\debug\loggingwrapper.tlog\cl.write.1.tlog
f:\dropbox\source\loggingwrapper\source\loggingwrapper\debug\loggingwrapper.tlog\link.command.1.tlog
f:\dropbox\source\loggingwrapper\source\loggingwrapper\debug\loggingwrapper.tlog\link.read.1.tlog
f:\dropbox\source\loggingwrapper\source\loggingwrapper\debug\loggingwrapper.tlog\link.write.1.tlog
f:\dropbox\source\loggingwrapper\source\loggingwrapper\debug\loggingwrapper.tlog\loggingwrapper.write.1u.tlog
f:\dropbox\source\loggingwrapper\source\loggingwrapper\debug\loggingwrapper.tlog\metagen.read.1.tlog
f:\dropbox\source\loggingwrapper\source\loggingwrapper\debug\loggingwrapper.tlog\rc.command.1.tlog
f:\dropbox\source\loggingwrapper\source\loggingwrapper\debug\loggingwrapper.tlog\rc.read.1.tlog
f:\dropbox\source\loggingwrapper\source\loggingwrapper\debug\loggingwrapper.tlog\rc.write.1.tlog
f:\dropbox\source\loggingwrapper\source\loggingwrapper\debug\loggingwrapper.tlog\xdcmake.command.1.tlog
f:\dropbox\source\loggingwrapper\source\loggingwrapper\debug\loggingwrapper.tlog\xdcmake.read.1.tlog
f:\dropbox\source\loggingwrapper\source\loggingwrapper\debug\loggingwrapper.tlog\xdcmake.write.1.tlog
f:\dropbox\source\loggingwrapper\source\loggingwrapper\debug\loggingwrapper.tlog\log4net.dll.metagen
f:\dropbox\source\loggingwrapper\source\loggingwrapper\debug\loggingwrapper.tlog\msxml6r.dll.bi
f:\dropbox\source\loggingwrapper\source\loggingwrapper\debug\loggingwrapper.tlog\tzres.dll.bi
